{
  "RSpec": {
    "coverage": {
      "/Users/amar.singh/Documents/blog/app/models/user.rb": {
        "lines": [
          1,
          null,
          null,
          1,
          null,
          null,
          1,
          null
        ]
      },
      "/Users/amar.singh/Documents/blog/app/models/application_record.rb": {
        "lines": [
          1,
          1,
          null
        ]
      },
      "/Users/amar.singh/Documents/blog/app/helpers/application_helper.rb": {
        "lines": [
          1,
          null
        ]
      },
      "/Users/amar.singh/Documents/blog/app/helpers/blog_posts_helper.rb": {
        "lines": [
          1,
          null
        ]
      },
      "/Users/amar.singh/Documents/blog/app/models/blog_post.rb": {
        "lines": [
          1,
          1,
          null,
          1,
          1,
          null,
          1,
          2,
          null,
          null,
          null
        ]
      },
      "/Users/amar.singh/Documents/blog/app/controllers/blog_posts_controller.rb": {
        "lines": [
          1,
          1,
          1,
          1,
          null,
          1,
          2,
          1,
          null,
          1,
          null,
          null,
          null,
          1,
          null,
          1,
          1,
          1,
          null,
          null,
          null,
          1,
          0,
          null,
          null,
          1,
          2,
          null,
          2,
          1,
          null,
          1,
          null,
          null,
          null,
          1,
          null,
          null,
          1,
          2,
          1,
          null,
          1,
          null,
          null,
          null,
          1,
          1,
          1,
          null,
          null,
          1,
          null,
          1,
          9,
          null,
          null,
          1,
          6,
          2,
          null,
          null,
          null,
          1,
          4,
          null,
          null
        ]
      },
      "/Users/amar.singh/Documents/blog/app/controllers/application_controller.rb": {
        "lines": [
          1,
          null,
          1,
          null
        ]
      },
      "/Users/amar.singh/Documents/blog/app/channels/application_cable/channel.rb": {
        "lines": [
          0,
          0,
          0,
          0
        ],
        "branches": {}
      },
      "/Users/amar.singh/Documents/blog/app/channels/application_cable/connection.rb": {
        "lines": [
          0,
          0,
          0,
          0
        ],
        "branches": {}
      },
      "/Users/amar.singh/Documents/blog/app/controllers/home_controller.rb": {
        "lines": [
          0,
          0,
          null,
          0,
          0
        ],
        "branches": {}
      },
      "/Users/amar.singh/Documents/blog/app/jobs/application_job.rb": {
        "lines": [
          0,
          null,
          null,
          null,
          null,
          null,
          0
        ],
        "branches": {}
      },
      "/Users/amar.singh/Documents/blog/app/mailers/application_mailer.rb": {
        "lines": [
          0,
          0,
          0,
          0
        ],
        "branches": {}
      }
    },
    "timestamp": 1741244367
  }
}
